Error: CCI compilation error -c:\users\student\desktop\ogdanets\xdesk\материалы\test_request\\pre_cci.c: Action1.c:18: error: missing ".	[MsgId: MERR-19799]
Error: CCI compilation error -c:\users\student\desktop\ogdanets\xdesk\материалы\test_request\\pre_cci.c: Action1.c:18: error: missing ".	[MsgId: MERR-19799]
Error: CCI compilation error -c:\users\student\desktop\ogdanets\xdesk\материалы\test_request\\pre_cci.c: Action1.c:29: error: undeclared identifier `success'.	[MsgId: MERR-19799]
Error: CCI compilation error -c:\users\student\desktop\ogdanets\xdesk\материалы\test_request\\pre_cci.c: Action1.c:29: error: undeclared identifier `true'.	[MsgId: MERR-19799]
Error: CCI compilation error -c:\users\student\desktop\ogdanets\xdesk\материалы\test_request\\pre_cci.c: Action1.c:30: error: undeclared identifier `success'.	[MsgId: MERR-19799]
Error: CCI compilation error -c:\users\student\desktop\ogdanets\xdesk\материалы\test_request\\pre_cci.c: Action1.c:30: error: undeclared identifier `false'.	[MsgId: MERR-19799]
Error: CCI compilation error -c:\users\student\desktop\ogdanets\xdesk\материалы\test_request\\pre_cci.c: Action1.c:31: error: undeclared identifier `measurement'.	[MsgId: MERR-19799]
Error: CCI compilation error -c:\users\student\desktop\ogdanets\xdesk\материалы\test_request\\pre_cci.c: Action1.c:31: error: operands of = have illegal types `int' and `pointer to char'.	[MsgId: MERR-19799]
Error: CCI compilation error -c:\users\student\desktop\ogdanets\xdesk\материалы\test_request\\pre_cci.c: Action1.c:32: error: operands of = have illegal types `int' and `pointer to char'.	[MsgId: MERR-19799]
Error: CCI compilation error -c:\users\student\desktop\ogdanets\xdesk\материалы\test_request\\pre_cci.c: c:\\users\\student\\desktop\\ogdanets\\xdesk\\\354\340\362\345\360\350\340\353\373\\test_request\\\\combined_Test_request.c:6: error: 9 errors, not writing pre_cci.ci.	[MsgId: MERR-19799]
Error: Vuser compilation failed. Please set CCIDebug to Off in CCI section of mdrv.dat file.	[MsgId: MERR-19797]
Warning: Extension cciext.dll reports error -19797 on call to function ExtPerProcessInitialize	[MsgId: MWAR-10485]
Error: Thread Context: Call to service of the driver failed, reason - thread context wasn't initialized on this thread.	[MsgId: MERR-10176]
